[22:45:30] [main/INFO] (FabricLoader/GameProvider) Loading Minecraft 1.20.1 with Fabric Loader 0.16.9
[22:45:30] [main/DEBUG] (FabricLoader/GamePatch) Found game constructor: net.minecraft.client.main.Main -> net.minecraft.client.MinecraftClient
[22:45:30] [main/DEBUG] (FabricLoader/GamePatch) Patching game constructor <init>(Lnet/minecraft/client/RunArgs;)V
[22:45:30] [main/DEBUG] (FabricLoader/GamePatch) Run directory field is thought to be net/minecraft/client/MinecraftClient/runDirectory
[22:45:30] [main/DEBUG] (FabricLoader/GamePatch) Applying brand name hook to net/minecraft/client/ClientBrandRetriever::getClientModName
[22:45:30] [main/DEBUG] (FabricLoader/GamePatch) Applying brand name hook to net/minecraft/server/MinecraftServer::getServerModName
[22:45:30] [main/DEBUG] (FabricLoader/Mappings) Loading mappings took 266 ms
[22:45:30] [main/DEBUG] (FabricLoader/GamePatch) Patched 3 classs
[22:45:30] [main/DEBUG] (FabricLoader/Discovery) Skipping missing class path group entry D:\IdeaProjects\ZombieSurvival\out\production\ZombieSurvival.main
[22:45:30] [main/DEBUG] (FabricLoader/Discovery) Skipping missing class path group entry D:\IdeaProjects\ZombieSurvival\out\production\ZombieSurvival.client
[22:45:30] [main/DEBUG] (FabricLoader/Discovery) Mod discovery time: 95.1 ms
[22:45:31] [main/DEBUG] (FabricLoader/Resolution) Mod resolution time: 175.3 ms
[22:45:31] [main/INFO] (FabricLoader) Loading 94 mods:
	- axiom 4.1.1
	   |-- com_moulberry_axiomclientapi_axiomclientapi_ 1.0.0
	   \-- com_moulberry_mixinconstraints 1.0.1
	- bitsandchisels 2.7.3
	- cardinal-components-base 5.2.2
	- cardinal-components-entity 5.2.2
	- cardinal-components-world 5.2.2
	- eclipsescustomname 0.2.4-1.20.1
	- fabric-api 0.92.3+1.20.1
	- fabric-api-base 0.4.31+1802ada577
	- fabric-api-lookup-api-v1 1.6.36+1802ada577
	- fabric-biome-api-v1 13.0.13+1802ada577
	- fabric-block-api-v1 1.0.11+1802ada577
	- fabric-block-view-api-v2 1.0.1+1802ada577
	- fabric-blockrenderlayer-v1 1.1.41+1802ada577
	- fabric-client-tags-api-v1 1.1.2+1802ada577
	- fabric-command-api-v1 1.2.34+f71b366f77
	- fabric-command-api-v2 2.2.13+1802ada577
	- fabric-commands-v0 0.2.51+df3654b377
	- fabric-containers-v0 0.1.65+df3654b377
	- fabric-content-registries-v0 4.0.12+1802ada577
	- fabric-convention-tags-v1 1.5.5+1802ada577
	- fabric-crash-report-info-v1 0.2.19+1802ada577
	- fabric-data-attachment-api-v1 1.0.1+de0fd6d177
	- fabric-data-generation-api-v1 12.3.5+1802ada577
	- fabric-dimensions-v1 2.1.54+1802ada577
	- fabric-entity-events-v1 1.6.0+1c78457f77
	- fabric-events-interaction-v0 0.6.3+13a40c6677
	- fabric-events-lifecycle-v0 0.2.63+df3654b377
	- fabric-game-rule-api-v1 1.0.40+1802ada577
	- fabric-gametest-api-v1 1.2.14+1802ada577
	- fabric-item-api-v1 2.1.28+1802ada577
	- fabric-item-group-api-v1 4.0.13+1802ada577
	- fabric-key-binding-api-v1 1.0.37+1802ada577
	- fabric-keybindings-v0 0.2.35+df3654b377
	- fabric-lifecycle-events-v1 2.2.22+1802ada577
	- fabric-loot-api-v2 1.2.2+1802ada577
	- fabric-loot-tables-v1 1.1.46+9e7660c677
	- fabric-message-api-v1 5.1.9+1802ada577
	- fabric-mining-level-api-v1 2.1.51+1802ada577
	- fabric-model-loading-api-v1 1.0.3+1802ada577
	- fabric-models-v0 0.4.2+9386d8a777
	- fabric-networking-api-v1 1.3.12+13a40c6677
	- fabric-networking-v0 0.3.52+df3654b377
	- fabric-object-builder-api-v1 11.1.4+1802ada577
	- fabric-particles-v1 1.1.2+1802ada577
	- fabric-permissions-api-v0 0.3.1
	- fabric-recipe-api-v1 1.0.22+1802ada577
	- fabric-registry-sync-v0 2.3.4+1802ada577
	- fabric-renderer-api-v1 3.2.1+1802ada577
	- fabric-renderer-indigo 1.5.2+85287f9f77
	- fabric-renderer-registries-v1 3.2.46+df3654b377
	- fabric-rendering-data-attachment-v1 0.3.37+92a0d36777
	- fabric-rendering-fluids-v1 3.0.28+1802ada577
	- fabric-rendering-v0 1.1.49+df3654b377
	- fabric-rendering-v1 3.0.8+1802ada577
	- fabric-resource-conditions-api-v1 2.3.8+1802ada577
	- fabric-resource-loader-v0 0.11.11+fb82e9d777
	- fabric-screen-api-v1 2.0.8+1802ada577
	- fabric-screen-handler-api-v1 1.3.31+1802ada577
	- fabric-sound-api-v1 1.0.13+1802ada577
	- fabric-transfer-api-v1 3.3.5+8dd72ea377
	- fabric-transitive-access-wideners-v1 4.3.1+1802ada577
	- fabricloader 0.16.9
	- java 23
	- lodestone 1.20.1-1.6.2.3f-fabric
	- minecraft 1.20.1
	- mixinextras 0.4.1
	- porting_lib 2.3.4+1.20.1
	- porting_lib_accessors 2.3.4+1.20.1
	- porting_lib_attributes 2.3.4+1.20.1
	- porting_lib_base 2.3.4+1.20.1
	- porting_lib_blocks 2.3.4+1.20.1
	- porting_lib_common 2.3.4+1.20.1
	- porting_lib_config 2.3.4+1.20.1
	- porting_lib_core 2.3.4+1.20.1
	- porting_lib_data 2.3.4+1.20.1
	- porting_lib_entity 2.3.4+1.20.1
	- porting_lib_extensions 2.3.4+1.20.1
	- porting_lib_fluids 2.3.4+1.20.1
	- porting_lib_items 2.3.4+1.20.1
	- porting_lib_lazy_registration 2.3.4+1.20.1
	- porting_lib_mixin_extensions 2.3.4+1.20.1
	- porting_lib_model_generators 2.3.4+1.20.1
	- porting_lib_model_loader 2.3.4+1.20.1
	- porting_lib_model_materials 2.3.4+1.20.1
	- porting_lib_models 2.3.4+1.20.1
	- porting_lib_networking 2.3.4+1.20.1
	- porting_lib_tags 3.0
	- porting_lib_tool_actions 2.3.4+1.20.1
	- porting_lib_transfer 2.3.4+1.20.1
	- porting_lib_utility 2.3.4+1.20.1
	- reach-entity-attributes 2.4.0
	- zombiesurvival 1.0.0
